2021-11-08 07:58:13 - INFO - __main__ - D:\Python\projects\pam\2021\univ_south_report_tool\category_database_source\Univ of South 2018 08 August.xlsx
2021-11-08 07:58:13 - INFO - __main__ - D:\Python\projects\pam\2021\univ_south_report_tool\category_database_source\Univ of South 2018 09 September.xlsx
2021-11-08 07:58:13 - INFO - __main__ - D:\Python\projects\pam\2021\univ_south_report_tool\category_database_source\Univ of South 2018 10 October.xlsx
2021-11-08 07:58:14 - INFO - __main__ - D:\Python\projects\pam\2021\univ_south_report_tool\category_database_source\Univ of South 2018 11 November.xlsx
2021-11-08 07:58:14 - INFO - __main__ - D:\Python\projects\pam\2021\univ_south_report_tool\category_database_source\Univ of South 2018 12 December.xlsx
2021-11-08 07:58:14 - INFO - __main__ - D:\Python\projects\pam\2021\univ_south_report_tool\category_database_source\Univ of South 2018-2019 School Year.xlsx
2021-11-08 07:58:14 - INFO - __main__ - D:\Python\projects\pam\2021\univ_south_report_tool\category_database_source\Univ of South 2019 02 February.xlsx
2021-11-08 07:58:15 - INFO - __main__ - D:\Python\projects\pam\2021\univ_south_report_tool\category_database_source\Univ of South 2019 03 March.xlsx
2021-11-08 07:58:15 - INFO - __main__ - D:\Python\projects\pam\2021\univ_south_report_tool\category_database_source\Univ of South 2019 04 April.xlsx
2021-11-08 07:58:15 - INFO - __main__ - D:\Python\projects\pam\2021\univ_south_report_tool\category_database_source\Univ of South 2019 08 August.xlsx
2021-11-08 07:58:15 - INFO - __main__ - D:\Python\projects\pam\2021\univ_south_report_tool\category_database_source\Univ of South 2019 09 October.xlsx
2021-11-08 07:58:16 - INFO - __main__ - D:\Python\projects\pam\2021\univ_south_report_tool\category_database_source\Univ of South 2019 09 September.xlsx
2021-11-08 07:58:16 - INFO - __main__ - D:\Python\projects\pam\2021\univ_south_report_tool\category_database_source\Univ of South 2019 10 November.xlsx
2021-11-08 07:58:16 - INFO - __main__ - D:\Python\projects\pam\2021\univ_south_report_tool\category_database_source\Univ of South 2019 12 December.xlsx
2021-11-08 07:59:53 - INFO - __main__ - D:\Python\projects\pam\2021\univ_south_report_tool\category_database_source\Univ of South 2018 09 September.xlsx
2021-11-08 08:03:01 - INFO - __main__ - D:\Python\projects\pam\2021\univ_south_report_tool\category_database_source\Univ of South 2018 08 August.xlsx
2021-11-08 08:03:01 - INFO - __main__ - D:\Python\projects\pam\2021\univ_south_report_tool\category_database_source\Univ of South 2018 09 September.xlsx
2021-11-08 08:03:02 - INFO - __main__ - D:\Python\projects\pam\2021\univ_south_report_tool\category_database_source\Univ of South 2018 10 October.xlsx
2021-11-08 08:03:02 - INFO - __main__ - D:\Python\projects\pam\2021\univ_south_report_tool\category_database_source\Univ of South 2018 11 November.xlsx
2021-11-08 08:03:02 - INFO - __main__ - D:\Python\projects\pam\2021\univ_south_report_tool\category_database_source\Univ of South 2018 12 December.xlsx
2021-11-08 08:03:03 - INFO - __main__ - D:\Python\projects\pam\2021\univ_south_report_tool\category_database_source\Univ of South 2018-2019 School Year.xlsx
2021-11-08 08:03:03 - INFO - __main__ - D:\Python\projects\pam\2021\univ_south_report_tool\category_database_source\Univ of South 2019 02 February.xlsx
2021-11-08 08:03:03 - INFO - __main__ - D:\Python\projects\pam\2021\univ_south_report_tool\category_database_source\Univ of South 2019 03 March.xlsx
2021-11-08 08:03:03 - INFO - __main__ - D:\Python\projects\pam\2021\univ_south_report_tool\category_database_source\Univ of South 2019 04 April.xlsx
2021-11-08 08:03:03 - INFO - __main__ - D:\Python\projects\pam\2021\univ_south_report_tool\category_database_source\Univ of South 2019 08 August.xlsx
2021-11-08 08:03:04 - INFO - __main__ - D:\Python\projects\pam\2021\univ_south_report_tool\category_database_source\Univ of South 2019 09 October.xlsx
2021-11-08 08:03:04 - INFO - __main__ - D:\Python\projects\pam\2021\univ_south_report_tool\category_database_source\Univ of South 2019 09 September.xlsx
2021-11-08 08:03:04 - INFO - __main__ - D:\Python\projects\pam\2021\univ_south_report_tool\category_database_source\Univ of South 2019 10 November.xlsx
2021-11-08 08:03:04 - INFO - __main__ - D:\Python\projects\pam\2021\univ_south_report_tool\category_database_source\Univ of South 2019 12 December.xlsx
2021-11-08 08:05:49 - INFO - my_logger - D:\Python\projects\pam\2021\univ_south_report_tool\category_database_source\Univ of South 2018 08 August.xlsx
2021-11-08 08:05:50 - INFO - my_logger - D:\Python\projects\pam\2021\univ_south_report_tool\category_database_source\Univ of South 2018 09 September.xlsx
2021-11-08 08:05:50 - INFO - my_logger - D:\Python\projects\pam\2021\univ_south_report_tool\category_database_source\Univ of South 2018 10 October.xlsx
2021-11-08 08:05:51 - INFO - my_logger - D:\Python\projects\pam\2021\univ_south_report_tool\category_database_source\Univ of South 2018 11 November.xlsx
2021-11-08 08:05:51 - INFO - my_logger - D:\Python\projects\pam\2021\univ_south_report_tool\category_database_source\Univ of South 2018 12 December.xlsx
2021-11-08 08:05:51 - INFO - my_logger - D:\Python\projects\pam\2021\univ_south_report_tool\category_database_source\Univ of South 2018-2019 School Year.xlsx
2021-11-08 08:05:52 - INFO - my_logger - D:\Python\projects\pam\2021\univ_south_report_tool\category_database_source\Univ of South 2019 02 February.xlsx
2021-11-08 08:05:52 - INFO - my_logger - D:\Python\projects\pam\2021\univ_south_report_tool\category_database_source\Univ of South 2019 03 March.xlsx
2021-11-08 08:05:53 - INFO - my_logger - D:\Python\projects\pam\2021\univ_south_report_tool\category_database_source\Univ of South 2019 04 April.xlsx
2021-11-08 08:05:53 - INFO - my_logger - D:\Python\projects\pam\2021\univ_south_report_tool\category_database_source\Univ of South 2019 08 August.xlsx
2021-11-08 08:05:53 - INFO - my_logger - D:\Python\projects\pam\2021\univ_south_report_tool\category_database_source\Univ of South 2019 09 October.xlsx
2021-11-08 08:05:54 - INFO - my_logger - D:\Python\projects\pam\2021\univ_south_report_tool\category_database_source\Univ of South 2019 09 September.xlsx
2021-11-08 08:05:54 - INFO - my_logger - D:\Python\projects\pam\2021\univ_south_report_tool\category_database_source\Univ of South 2019 10 November.xlsx
2021-11-08 08:05:54 - INFO - my_logger - D:\Python\projects\pam\2021\univ_south_report_tool\category_database_source\Univ of South 2019 12 December.xlsx
2021-11-08 08:07:29 - INFO - my_logger - D:\Python\projects\pam\2021\univ_south_report_tool\category_database_source\Univ of South 2018 08 August.xlsx
2021-11-08 08:07:29 - INFO - my_logger - D:\Python\projects\pam\2021\univ_south_report_tool\category_database_source\Univ of South 2018 09 September.xlsx
2021-11-08 08:07:30 - INFO - my_logger - D:\Python\projects\pam\2021\univ_south_report_tool\category_database_source\Univ of South 2018 10 October.xlsx
2021-11-08 08:07:30 - INFO - my_logger - D:\Python\projects\pam\2021\univ_south_report_tool\category_database_source\Univ of South 2018 11 November.xlsx
2021-11-08 08:07:30 - INFO - my_logger - D:\Python\projects\pam\2021\univ_south_report_tool\category_database_source\Univ of South 2018 12 December.xlsx
2021-11-08 08:07:31 - INFO - my_logger - D:\Python\projects\pam\2021\univ_south_report_tool\category_database_source\Univ of South 2018-2019 School Year.xlsx
2021-11-08 08:07:31 - INFO - my_logger - D:\Python\projects\pam\2021\univ_south_report_tool\category_database_source\Univ of South 2019 02 February.xlsx
2021-11-08 08:07:31 - INFO - my_logger - D:\Python\projects\pam\2021\univ_south_report_tool\category_database_source\Univ of South 2019 03 March.xlsx
2021-11-08 08:07:31 - INFO - my_logger - D:\Python\projects\pam\2021\univ_south_report_tool\category_database_source\Univ of South 2019 04 April.xlsx
2021-11-08 08:07:31 - INFO - my_logger - D:\Python\projects\pam\2021\univ_south_report_tool\category_database_source\Univ of South 2019 08 August.xlsx
2021-11-08 08:07:32 - INFO - my_logger - D:\Python\projects\pam\2021\univ_south_report_tool\category_database_source\Univ of South 2019 09 October.xlsx
2021-11-08 08:07:32 - INFO - my_logger - D:\Python\projects\pam\2021\univ_south_report_tool\category_database_source\Univ of South 2019 09 September.xlsx
2021-11-08 08:07:32 - INFO - my_logger - D:\Python\projects\pam\2021\univ_south_report_tool\category_database_source\Univ of South 2019 10 November.xlsx
2021-11-08 08:07:32 - INFO - my_logger - D:\Python\projects\pam\2021\univ_south_report_tool\category_database_source\Univ of South 2019 12 December.xlsx
2021-11-08 08:11:18 - INFO - my_logger - D:\Python\projects\pam\2021\univ_south_report_tool\category_database_source\Univ of South 2018 08 August.xlsx
2021-11-08 08:11:52 - INFO - my_logger - D:\Python\projects\pam\2021\univ_south_report_tool\category_database_source\Univ of South 2018 08 August.xlsx
2021-11-08 08:11:53 - INFO - my_logger - D:\Python\projects\pam\2021\univ_south_report_tool\category_database_source\Univ of South 2018 09 September.xlsx
2021-11-08 08:11:53 - INFO - my_logger - D:\Python\projects\pam\2021\univ_south_report_tool\category_database_source\Univ of South 2018 10 October.xlsx
2021-11-08 08:11:53 - INFO - my_logger - D:\Python\projects\pam\2021\univ_south_report_tool\category_database_source\Univ of South 2018 11 November.xlsx
2021-11-08 08:11:54 - INFO - my_logger - D:\Python\projects\pam\2021\univ_south_report_tool\category_database_source\Univ of South 2018 12 December.xlsx
2021-11-08 08:11:54 - INFO - my_logger - D:\Python\projects\pam\2021\univ_south_report_tool\category_database_source\Univ of South 2018-2019 School Year.xlsx
2021-11-08 08:11:55 - INFO - my_logger - D:\Python\projects\pam\2021\univ_south_report_tool\category_database_source\Univ of South 2019 02 February.xlsx
2021-11-08 08:11:55 - INFO - my_logger - D:\Python\projects\pam\2021\univ_south_report_tool\category_database_source\Univ of South 2019 03 March.xlsx
2021-11-08 08:11:55 - INFO - my_logger - D:\Python\projects\pam\2021\univ_south_report_tool\category_database_source\Univ of South 2019 04 April.xlsx
2021-11-08 08:11:55 - INFO - my_logger - D:\Python\projects\pam\2021\univ_south_report_tool\category_database_source\Univ of South 2019 08 August.xlsx
2021-11-08 08:11:56 - INFO - my_logger - D:\Python\projects\pam\2021\univ_south_report_tool\category_database_source\Univ of South 2019 09 October.xlsx
2021-11-08 08:11:56 - INFO - my_logger - D:\Python\projects\pam\2021\univ_south_report_tool\category_database_source\Univ of South 2019 09 September.xlsx
2021-11-08 08:11:56 - INFO - my_logger - D:\Python\projects\pam\2021\univ_south_report_tool\category_database_source\Univ of South 2019 10 November.xlsx
2021-11-08 08:11:57 - INFO - my_logger - D:\Python\projects\pam\2021\univ_south_report_tool\category_database_source\Univ of South 2019 12 December.xlsx
2021-11-08 08:13:05 - INFO - my_logger - D:\Python\projects\pam\2021\univ_south_report_tool\category_database_source\Univ of South 2018 08 August.xlsx
2021-11-08 08:13:06 - INFO - my_logger - D:\Python\projects\pam\2021\univ_south_report_tool\category_database_source\Univ of South 2018 09 September.xlsx
2021-11-08 08:13:06 - INFO - my_logger - D:\Python\projects\pam\2021\univ_south_report_tool\category_database_source\Univ of South 2018 10 October.xlsx
2021-11-08 08:13:07 - INFO - my_logger - D:\Python\projects\pam\2021\univ_south_report_tool\category_database_source\Univ of South 2018 11 November.xlsx
2021-11-08 08:13:07 - INFO - my_logger - D:\Python\projects\pam\2021\univ_south_report_tool\category_database_source\Univ of South 2018 12 December.xlsx
2021-11-08 08:13:08 - INFO - my_logger - D:\Python\projects\pam\2021\univ_south_report_tool\category_database_source\Univ of South 2018-2019 School Year.xlsx
2021-11-08 08:13:08 - INFO - my_logger - D:\Python\projects\pam\2021\univ_south_report_tool\category_database_source\Univ of South 2019 02 February.xlsx
2021-11-08 08:13:09 - INFO - my_logger - D:\Python\projects\pam\2021\univ_south_report_tool\category_database_source\Univ of South 2019 03 March.xlsx
2021-11-08 08:13:09 - INFO - my_logger - D:\Python\projects\pam\2021\univ_south_report_tool\category_database_source\Univ of South 2019 04 April.xlsx
2021-11-08 08:13:09 - INFO - my_logger - D:\Python\projects\pam\2021\univ_south_report_tool\category_database_source\Univ of South 2019 08 August.xlsx
2021-11-08 08:13:09 - INFO - my_logger - D:\Python\projects\pam\2021\univ_south_report_tool\category_database_source\Univ of South 2019 09 October.xlsx
2021-11-08 08:13:10 - INFO - my_logger - D:\Python\projects\pam\2021\univ_south_report_tool\category_database_source\Univ of South 2019 09 September.xlsx
2021-11-08 08:13:10 - INFO - my_logger - D:\Python\projects\pam\2021\univ_south_report_tool\category_database_source\Univ of South 2019 10 November.xlsx
2021-11-08 08:13:11 - INFO - my_logger - D:\Python\projects\pam\2021\univ_south_report_tool\category_database_source\Univ of South 2019 12 December.xlsx
